Total unique nodes found in graph: 16

Starting Connectivity and Netname Consistency Check...
Starting BFS for new component from node (idx=8)...
Starting BFS for new component from node (idx=11)...
Starting BFS for new component from node (idx=10)...
Starting BFS for new component from node (idx=1)...

--- Connectivity Check Report ---
Total connected components found: 4

--- Component 1 ---
Representative Net Name: VDD:
Netname Consistency: Passed
Metal Indices (3): [2, 8, 14]

--- Component 2 ---
Representative Net Name: I
Netname Consistency: Passed
Metal Indices (5): [4, 5, 11, 12, 15]

--- Component 3 ---
Representative Net Name: O
Netname Consistency: Passed
Metal Indices (5): [3, 6, 10, 13, 16]

--- Component 4 ---
Representative Net Name: VSS:
Netname Consistency: Passed
Metal Indices (3): [1, 7, 9]

------------------------------------------------------------------

Library: logic_generated
Cell: inv_2x

   _ (`-.   ('-.      .-')     .-')      ('-.  _ .-') _   
  ( (OO  ) ( OO ).-. ( OO ).  ( OO ).  _(  OO)( (  OO) )  
 _.`     | / . --. /(_)---|_)(_)---|_)(,------.|     .'_  
(__...--'' | |-.   |/    _ | /    _ |  |  .---',`'--..._) 
 |  /  | | | |  |  ||  (` `  |  (` `   |  |    |  |   | ' 
 |  |_.' | | |_.'  | '..`''.  '..`''.  |  '--. |  |   ' | 
 |  .___.' |  .-.  |.-._)   |.-._)   | |  .--' |  |   / : 
 |  |      |  | |  ||       /|       / |  `---.|  '--'  / 
 `--'      `--' `--' `-----'  `-----'  `------'`-------'    
        
Overall Graph Netname Consistency: PASSED ✔️

Total Error Count: 0
├─ Floating: 0
├─ Open: 0
└─ Short: 0

------------------------------------------------------------------

